<?xml version="1.0" encoding="UTF-8"?>
<testng-results ignored="0" total="4" passed="4" failed="0" skipped="0">
  <reporter-output>
  </reporter-output>
  <suite started-at="2024-04-10T10:32:35 IST" name="Default suite" finished-at="2024-04-10T10:35:17 IST" duration-ms="162405">
    <groups>
      <group name="cucumber">
        <method signature="AbstractTestNGCucumberTests.runScenario(io.cucumber.testng.PickleWrapper,io.cucumber.testng.FeatureWrapper)[pri:0, instance:testRunner.TestRunner@394df057]" name="runScenario" class="io.cucumber.testng.AbstractTestNGCucumberTests"/>
      </group> <!-- cucumber -->
    </groups>
    <test started-at="2024-04-10T10:32:35 IST" name="Default test" finished-at="2024-04-10T10:35:17 IST" duration-ms="162405">
      <class name="testRunner.TestRunner">
        <test-method is-config="true" signature="setUpClass(org.testng.ITestContext)[pri:0, instance:testRunner.TestRunner@394df057]" started-at="2024-04-10T10:32:35 IST" name="setUpClass" finished-at="2024-04-10T10:32:36 IST" duration-ms="633" status="PASS">
          <params>
            <param index="0">
              <value>
                <![CDATA[org.testng.TestRunner@5667dd90]]>
              </value>
            </param>
          </params>
          <reporter-output>
          </reporter-output>
        </test-method> <!-- setUpClass -->
        <test-method signature="runScenario(io.cucumber.testng.PickleWrapper,io.cucumber.testng.FeatureWrapper)[pri:0, instance:testRunner.TestRunner@394df057]" started-at="2024-04-10T10:32:36 IST" name="runScenario" description="Runs Cucumber Scenarios" data-provider="scenarios" finished-at="2024-04-10T10:33:19 IST" duration-ms="42987" status="PASS">
          <params>
            <param index="0">
              <value>
                <![CDATA["User finds first five doctor details"]]>
              </value>
            </param>
            <param index="1">
              <value>
                <![CDATA["Doctor Details"]]>
              </value>
            </param>
          </params>
          <reporter-output>
          </reporter-output>
        </test-method> <!-- runScenario -->
        <test-method signature="runScenario(io.cucumber.testng.PickleWrapper,io.cucumber.testng.FeatureWrapper)[pri:0, instance:testRunner.TestRunner@394df057]" started-at="2024-04-10T10:33:19 IST" name="runScenario" description="Runs Cucumber Scenarios" data-provider="scenarios" finished-at="2024-04-10T10:33:36 IST" duration-ms="16914" status="PASS">
          <params>
            <param index="0">
              <value>
                <![CDATA["extracting and printing the list of surgeries"]]>
              </value>
            </param>
            <param index="1">
              <value>
                <![CDATA["surgerieslist"]]>
              </value>
            </param>
          </params>
          <reporter-output>
          </reporter-output>
        </test-method> <!-- runScenario -->
        <test-method signature="runScenario(io.cucumber.testng.PickleWrapper,io.cucumber.testng.FeatureWrapper)[pri:0, instance:testRunner.TestRunner@394df057]" started-at="2024-04-10T10:33:36 IST" name="runScenario" description="Runs Cucumber Scenarios" data-provider="scenarios" finished-at="2024-04-10T10:33:55 IST" duration-ms="19157" status="PASS">
          <params>
            <param index="0">
              <value>
                <![CDATA["Verifying Take a demo button is disabled when invalid email is entered"]]>
              </value>
            </param>
            <param index="1">
              <value>
                <![CDATA["Form filing with invalid email id"]]>
              </value>
            </param>
          </params>
          <reporter-output>
          </reporter-output>
        </test-method> <!-- runScenario -->
        <test-method signature="runScenario(io.cucumber.testng.PickleWrapper,io.cucumber.testng.FeatureWrapper)[pri:0, instance:testRunner.TestRunner@394df057]" started-at="2024-04-10T10:33:55 IST" name="runScenario" description="Runs Cucumber Scenarios" data-provider="scenarios" finished-at="2024-04-10T10:34:47 IST" duration-ms="52189" status="PASS">
          <params>
            <param index="0">
              <value>
                <![CDATA["Verifying Take a demo button is enabled when valid email id is entered"]]>
              </value>
            </param>
            <param index="1">
              <value>
                <![CDATA["Form filling with valid emailID"]]>
              </value>
            </param>
          </params>
          <reporter-output>
          </reporter-output>
        </test-method> <!-- runScenario -->
        <test-method is-config="true" signature="tearDownClass()[pri:0, instance:testRunner.TestRunner@394df057]" started-at="2024-04-10T10:34:47 IST" name="tearDownClass" finished-at="2024-04-10T10:35:17 IST" duration-ms="30486" status="PASS">
          <reporter-output>
          </reporter-output>
        </test-method> <!-- tearDownClass -->
      </class> <!-- testRunner.TestRunner -->
    </test> <!-- Default test -->
  </suite> <!-- Default suite -->
</testng-results>
